<testsuite name="Mocha Tests" tests="4" failures="2" errors="2" skipped="0" timestamp="2016-02-09T01:57:04" time="0.174">
<testcase classname="controllers api GET /applications" name="should return a list of applications" time="0.025"/>
<testcase classname="controllers api GET /applications/:id" name="Should find an application by id" time="0.006"/>
<testcase classname="controllers hello_world GET /hello" name="should return a default string" time="0.5"></testcase>
<testcase classname="controllers hello_world GET /hello" name="should accept a name parameter" time="0.5"></testcase>
</testsuite>
